2023-12-21T14:35:56.078+01:00  INFO 1940 --- [ORDER-SERVICE] [main] c.c.c.ConfigServicePropertySourceLocator : Fetching config from server at : http://localhost:9196
2023-12-21T14:35:57.524+01:00  INFO 1940 --- [ORDER-SERVICE] [main] c.c.c.ConfigServicePropertySourceLocator : Located environment: name=ORDER-SERVICE, profiles=[default], label=null, version=951e88bbce44d969d053fe66ab59ff4522364561, state=null
2023-12-21T14:35:57.529+01:00  INFO 1940 --- [ORDER-SERVICE] [main] b.c.PropertySourceBootstrapConfiguration : Located property source: [BootstrapPropertySource {name='bootstrapProperties-configClient'}, BootstrapPropertySource {name='bootstrapProperties-https://github.com/Safa31Ben/cloud-config-server-tp9/application.yml'}]
2023-12-21T14:35:57.926+01:00  INFO 1940 --- [ORDER-SERVICE] [main] c.j.o.OrderServiceApplication            : No active profile set, falling back to 1 default profile: "default"
2023-12-21T14:36:00.289+01:00  INFO 1940 --- [ORDER-SERVICE] [main] .s.d.r.c.RepositoryConfigurationDelegate : Bootstrapping Spring Data JPA repositories in DEFAULT mode.
2023-12-21T14:36:00.873+01:00  INFO 1940 --- [ORDER-SERVICE] [main] .s.d.r.c.RepositoryConfigurationDelegate : Finished Spring Data repository scanning in 561 ms. Found 1 JPA repository interface.
2023-12-21T14:36:01.823+01:00  INFO 1940 --- [ORDER-SERVICE] [main] o.s.cloud.context.scope.GenericScope     : BeanFactory id=fda37a97-f99b-33d6-89f1-97f6c2ad75b5
2023-12-21T14:36:02.337+01:00  WARN 1940 --- [ORDER-SERVICE] [main] trationDelegate$BeanPostProcessorChecker : Bean 'org.springframework.cloud.client.loadbalancer.LoadBalancerAutoConfiguration$LoadBalancerInterceptorConfig' of type [org.springframework.cloud.client.loadbalancer.LoadBalancerAutoConfiguration$LoadBalancerInterceptorConfig] is not eligible for getting processed by all BeanPostProcessors (for example: not eligible for auto-proxying). The currently created BeanPostProcessor [lbRestClientPostProcessor] is declared through a non-static factory method on that class; consider declaring it as static instead.
2023-12-21T14:36:02.339+01:00  WARN 1940 --- [ORDER-SERVICE] [main] trationDelegate$BeanPostProcessorChecker : Bean 'org.springframework.cloud.loadbalancer.config.BlockingLoadBalancerClientAutoConfiguration' of type [org.springframework.cloud.loadbalancer.config.BlockingLoadBalancerClientAutoConfiguration] is not eligible for getting processed by all BeanPostProcessors (for example: not eligible for auto-proxying). Is this bean getting eagerly injected into a currently created BeanPostProcessor [lbRestClientPostProcessor]? Check the corresponding BeanPostProcessor declaration and its dependencies.
2023-12-21T14:36:02.341+01:00  WARN 1940 --- [ORDER-SERVICE] [main] trationDelegate$BeanPostProcessorChecker : Bean 'org.springframework.cloud.loadbalancer.config.LoadBalancerAutoConfiguration' of type [org.springframework.cloud.loadbalancer.config.LoadBalancerAutoConfiguration] is not eligible for getting processed by all BeanPostProcessors (for example: not eligible for auto-proxying). Is this bean getting eagerly injected into a currently created BeanPostProcessor [lbRestClientPostProcessor]? Check the corresponding BeanPostProcessor declaration and its dependencies.
2023-12-21T14:36:02.358+01:00  WARN 1940 --- [ORDER-SERVICE] [main] trationDelegate$BeanPostProcessorChecker : Bean 'org.springframework.cloud.commons.config.CommonsConfigAutoConfiguration' of type [org.springframework.cloud.commons.config.CommonsConfigAutoConfiguration] is not eligible for getting processed by all BeanPostProcessors (for example: not eligible for auto-proxying). Is this bean getting eagerly injected into a currently created BeanPostProcessor [lbRestClientPostProcessor]? Check the corresponding BeanPostProcessor declaration and its dependencies.
2023-12-21T14:36:02.368+01:00  WARN 1940 --- [ORDER-SERVICE] [main] trationDelegate$BeanPostProcessorChecker : Bean 'org.springframework.cloud.client.loadbalancer.LoadBalancerDefaultMappingsProviderAutoConfiguration' of type [org.springframework.cloud.client.loadbalancer.LoadBalancerDefaultMappingsProviderAutoConfiguration] is not eligible for getting processed by all BeanPostProcessors (for example: not eligible for auto-proxying). Is this bean getting eagerly injected into a currently created BeanPostProcessor [lbRestClientPostProcessor]? Check the corresponding BeanPostProcessor declaration and its dependencies.
2023-12-21T14:36:02.371+01:00  WARN 1940 --- [ORDER-SERVICE] [main] trationDelegate$BeanPostProcessorChecker : Bean 'loadBalancerClientsDefaultsMappingsProvider' of type [org.springframework.cloud.client.loadbalancer.LoadBalancerDefaultMappingsProviderAutoConfiguration$$Lambda$710/0x000002778147e248] is not eligible for getting processed by all BeanPostProcessors (for example: not eligible for auto-proxying). Is this bean getting eagerly injected into a currently created BeanPostProcessor [lbRestClientPostProcessor]? Check the corresponding BeanPostProcessor declaration and its dependencies.
2023-12-21T14:36:02.374+01:00  WARN 1940 --- [ORDER-SERVICE] [main] trationDelegate$BeanPostProcessorChecker : Bean 'defaultsBindHandlerAdvisor' of type [org.springframework.cloud.commons.config.DefaultsBindHandlerAdvisor] is not eligible for getting processed by all BeanPostProcessors (for example: not eligible for auto-proxying). Is this bean getting eagerly injected into a currently created BeanPostProcessor [lbRestClientPostProcessor]? Check the corresponding BeanPostProcessor declaration and its dependencies.
2023-12-21T14:36:02.488+01:00  WARN 1940 --- [ORDER-SERVICE] [main] trationDelegate$BeanPostProcessorChecker : Bean 'spring.cloud.loadbalancer-org.springframework.cloud.client.loadbalancer.LoadBalancerClientsProperties' of type [org.springframework.cloud.client.loadbalancer.LoadBalancerClientsProperties] is not eligible for getting processed by all BeanPostProcessors (for example: not eligible for auto-proxying). Is this bean getting eagerly injected into a currently created BeanPostProcessor [lbRestClientPostProcessor]? Check the corresponding BeanPostProcessor declaration and its dependencies.
2023-12-21T14:36:02.509+01:00  WARN 1940 --- [ORDER-SERVICE] [main] trationDelegate$BeanPostProcessorChecker : Bean 'default.org.springframework.cloud.loadbalancer.config.LoadBalancerAutoConfiguration.LoadBalancerClientSpecification' of type [org.springframework.cloud.loadbalancer.annotation.LoadBalancerClientSpecification] is not eligible for getting processed by all BeanPostProcessors (for example: not eligible for auto-proxying). Is this bean getting eagerly injected into a currently created BeanPostProcessor [lbRestClientPostProcessor]? Check the corresponding BeanPostProcessor declaration and its dependencies.
2023-12-21T14:36:02.523+01:00  WARN 1940 --- [ORDER-SERVICE] [main] trationDelegate$BeanPostProcessorChecker : Bean 'default.org.springframework.cloud.loadbalancer.config.BlockingLoadBalancerClientAutoConfiguration.LoadBalancerClientSpecification' of type [org.springframework.cloud.loadbalancer.annotation.LoadBalancerClientSpecification] is not eligible for getting processed by all BeanPostProcessors (for example: not eligible for auto-proxying). Is this bean getting eagerly injected into a currently created BeanPostProcessor [lbRestClientPostProcessor]? Check the corresponding BeanPostProcessor declaration and its dependencies.
2023-12-21T14:36:02.526+01:00  WARN 1940 --- [ORDER-SERVICE] [main] trationDelegate$BeanPostProcessorChecker : Bean 'default.org.springframework.cloud.netflix.eureka.loadbalancer.LoadBalancerEurekaAutoConfiguration.LoadBalancerClientSpecification' of type [org.springframework.cloud.loadbalancer.annotation.LoadBalancerClientSpecification] is not eligible for getting processed by all BeanPostProcessors (for example: not eligible for auto-proxying). Is this bean getting eagerly injected into a currently created BeanPostProcessor [lbRestClientPostProcessor]? Check the corresponding BeanPostProcessor declaration and its dependencies.
2023-12-21T14:36:02.550+01:00  WARN 1940 --- [ORDER-SERVICE] [main] trationDelegate$BeanPostProcessorChecker : Bean 'loadBalancerClientFactory' of type [org.springframework.cloud.loadbalancer.support.LoadBalancerClientFactory] is not eligible for getting processed by all BeanPostProcessors (for example: not eligible for auto-proxying). Is this bean getting eagerly injected into a currently created BeanPostProcessor [lbRestClientPostProcessor]? Check the corresponding BeanPostProcessor declaration and its dependencies.
2023-12-21T14:36:02.785+01:00  WARN 1940 --- [ORDER-SERVICE] [main] trationDelegate$BeanPostProcessorChecker : Bean 'blockingLoadBalancerClient' of type [org.springframework.cloud.loadbalancer.blocking.client.BlockingLoadBalancerClient] is not eligible for getting processed by all BeanPostProcessors (for example: not eligible for auto-proxying). Is this bean getting eagerly injected into a currently created BeanPostProcessor [lbRestClientPostProcessor]? Check the corresponding BeanPostProcessor declaration and its dependencies.
2023-12-21T14:36:02.796+01:00  WARN 1940 --- [ORDER-SERVICE] [main] trationDelegate$BeanPostProcessorChecker : Bean 'orderServiceApplication' of type [com.javatechie.orderservice.OrderServiceApplication$$SpringCGLIB$$0] is not eligible for getting processed by all BeanPostProcessors (for example: not eligible for auto-proxying). Is this bean getting eagerly injected into a currently created BeanPostProcessor [lbRestClientPostProcessor]? Check the corresponding BeanPostProcessor declaration and its dependencies.
2023-12-21T14:36:02.839+01:00  WARN 1940 --- [ORDER-SERVICE] [main] trationDelegate$BeanPostProcessorChecker : Bean 'restTemplate' of type [org.springframework.web.client.RestTemplate] is not eligible for getting processed by all BeanPostProcessors (for example: not eligible for auto-proxying). Is this bean getting eagerly injected into a currently created BeanPostProcessor [lbRestClientPostProcessor]? Check the corresponding BeanPostProcessor declaration and its dependencies.
2023-12-21T14:36:02.852+01:00  WARN 1940 --- [ORDER-SERVICE] [main] trationDelegate$BeanPostProcessorChecker : Bean 'loadBalancerServiceInstanceCookieTransformer' of type [org.springframework.cloud.loadbalancer.core.LoadBalancerServiceInstanceCookieTransformer] is not eligible for getting processed by all BeanPostProcessors (for example: not eligible for auto-proxying). Is this bean getting eagerly injected into a currently created BeanPostProcessor [lbRestClientPostProcessor]? Check the corresponding BeanPostProcessor declaration and its dependencies.
2023-12-21T14:36:02.855+01:00  WARN 1940 --- [ORDER-SERVICE] [main] trationDelegate$BeanPostProcessorChecker : Bean 'xForwarderHeadersTransformer' of type [org.springframework.cloud.loadbalancer.blocking.XForwardedHeadersTransformer] is not eligible for getting processed by all BeanPostProcessors (for example: not eligible for auto-proxying). Is this bean getting eagerly injected into a currently created BeanPostProcessor [lbRestClientPostProcessor]? Check the corresponding BeanPostProcessor declaration and its dependencies.
2023-12-21T14:36:02.856+01:00  WARN 1940 --- [ORDER-SERVICE] [main] trationDelegate$BeanPostProcessorChecker : Bean 'org.springframework.cloud.client.loadbalancer.LoadBalancerAutoConfiguration' of type [org.springframework.cloud.client.loadbalancer.LoadBalancerAutoConfiguration] is not eligible for getting processed by all BeanPostProcessors (for example: not eligible for auto-proxying). Is this bean getting eagerly injected into a currently created BeanPostProcessor [lbRestClientPostProcessor]? Check the corresponding BeanPostProcessor declaration and its dependencies.
2023-12-21T14:36:02.858+01:00  WARN 1940 --- [ORDER-SERVICE] [main] trationDelegate$BeanPostProcessorChecker : Bean 'loadBalancerRequestFactory' of type [org.springframework.cloud.client.loadbalancer.LoadBalancerRequestFactory] is not eligible for getting processed by all BeanPostProcessors (for example: not eligible for auto-proxying). Is this bean getting eagerly injected into a currently created BeanPostProcessor [lbRestClientPostProcessor]? Check the corresponding BeanPostProcessor declaration and its dependencies.
2023-12-21T14:36:02.860+01:00  WARN 1940 --- [ORDER-SERVICE] [main] trationDelegate$BeanPostProcessorChecker : Bean 'loadBalancerInterceptor' of type [org.springframework.cloud.client.loadbalancer.LoadBalancerInterceptor] is not eligible for getting processed by all BeanPostProcessors (for example: not eligible for auto-proxying). Is this bean getting eagerly injected into a currently created BeanPostProcessor [lbRestClientPostProcessor]? Check the corresponding BeanPostProcessor declaration and its dependencies.
2023-12-21T14:36:03.500+01:00  INFO 1940 --- [ORDER-SERVICE] [main] o.s.b.w.embedded.tomcat.TomcatWebServer  : Tomcat initialized with port 9192 (http)
2023-12-21T14:36:03.522+01:00  INFO 1940 --- [ORDER-SERVICE] [main] o.apache.catalina.core.StandardService   : Starting service [Tomcat]
2023-12-21T14:36:03.523+01:00  INFO 1940 --- [ORDER-SERVICE] [main] o.apache.catalina.core.StandardEngine    : Starting Servlet engine: [Apache Tomcat/10.1.16]
2023-12-21T14:36:03.692+01:00  INFO 1940 --- [ORDER-SERVICE] [main] o.a.c.c.C.[Tomcat].[localhost].[/]       : Initializing Spring embedded WebApplicationContext
2023-12-21T14:36:03.695+01:00  INFO 1940 --- [ORDER-SERVICE] [main] w.s.c.ServletWebServerApplicationContext : Root WebApplicationContext: initialization completed in 5670 ms
2023-12-21T14:36:03.836+01:00  INFO 1940 --- [ORDER-SERVICE] [main] com.zaxxer.hikari.HikariDataSource       : HikariPool-1 - Starting...
2023-12-21T14:36:04.429+01:00  INFO 1940 --- [ORDER-SERVICE] [main] com.zaxxer.hikari.pool.HikariPool        : HikariPool-1 - Added connection conn0: url=jdbc:h2:mem:testdb user=SA
2023-12-21T14:36:04.433+01:00  INFO 1940 --- [ORDER-SERVICE] [main] com.zaxxer.hikari.HikariDataSource       : HikariPool-1 - Start completed.
2023-12-21T14:36:04.464+01:00  INFO 1940 --- [ORDER-SERVICE] [main] o.s.b.a.h2.H2ConsoleAutoConfiguration    : H2 console available at '/h2-console'. Database available at 'jdbc:h2:mem:testdb'
2023-12-21T14:36:04.819+01:00  INFO 1940 --- [ORDER-SERVICE] [main] o.hibernate.jpa.internal.util.LogHelper  : HHH000204: Processing PersistenceUnitInfo [name: default]
2023-12-21T14:36:04.984+01:00  INFO 1940 --- [ORDER-SERVICE] [main] org.hibernate.Version                    : HHH000412: Hibernate ORM core version 6.3.1.Final
2023-12-21T14:36:05.097+01:00  INFO 1940 --- [ORDER-SERVICE] [main] o.h.c.internal.RegionFactoryInitiator    : HHH000026: Second-level cache disabled
2023-12-21T14:36:05.775+01:00  INFO 1940 --- [ORDER-SERVICE] [main] o.s.o.j.p.SpringPersistenceUnitInfo      : No LoadTimeWeaver setup: ignoring JPA class transformer
2023-12-21T14:36:05.911+01:00  WARN 1940 --- [ORDER-SERVICE] [main] org.hibernate.orm.deprecation            : HHH90000025: H2Dialect does not need to be specified explicitly using 'hibernate.dialect' (remove the property setting and it will be selected by default)
2023-12-21T14:36:08.381+01:00  INFO 1940 --- [ORDER-SERVICE] [main] o.h.e.t.j.p.i.JtaPlatformInitiator       : HHH000489: No JTA platform available (set 'hibernate.transaction.jta.platform' to enable JTA platform integration)
2023-12-21T14:36:08.577+01:00  INFO 1940 --- [ORDER-SERVICE] [main] j.LocalContainerEntityManagerFactoryBean : Initialized JPA EntityManagerFactory for persistence unit 'default'
2023-12-21T14:36:08.832+01:00  WARN 1940 --- [ORDER-SERVICE] [main] JpaBaseConfiguration$JpaWebConfiguration : spring.jpa.open-in-view is enabled by default. Therefore, database queries may be performed during view rendering. Explicitly configure spring.jpa.open-in-view to disable this warning
2023-12-21T14:36:11.588+01:00  INFO 1940 --- [ORDER-SERVICE] [main] DiscoveryClientOptionalArgsConfiguration : Eureka HTTP Client uses RestTemplate.
2023-12-21T14:36:12.114+01:00  WARN 1940 --- [ORDER-SERVICE] [main] iguration$LoadBalancerCaffeineWarnLogger : Spring Cloud LoadBalancer is currently working with the default cache. While this cache implementation is useful for development and tests, it's recommended to use Caffeine cache in production.You can switch to using Caffeine cache, by adding it and org.springframework.cache.caffeine.CaffeineCacheManager to the classpath.
2023-12-21T14:36:12.294+01:00  INFO 1940 --- [ORDER-SERVICE] [main] o.s.c.n.eureka.InstanceInfoFactory       : Setting initial instance status as: STARTING
2023-12-21T14:36:12.511+01:00  INFO 1940 --- [ORDER-SERVICE] [main] com.netflix.discovery.DiscoveryClient    : Initializing Eureka in region us-east-1
2023-12-21T14:36:12.528+01:00  INFO 1940 --- [ORDER-SERVICE] [main] c.n.d.s.r.aws.ConfigClusterResolver      : Resolving eureka endpoints via configuration
2023-12-21T14:36:12.598+01:00  INFO 1940 --- [ORDER-SERVICE] [main] com.netflix.discovery.DiscoveryClient    : Disable delta property : false
2023-12-21T14:36:12.599+01:00  INFO 1940 --- [ORDER-SERVICE] [main] com.netflix.discovery.DiscoveryClient    : Single vip registry refresh property : null
2023-12-21T14:36:12.610+01:00  INFO 1940 --- [ORDER-SERVICE] [main] com.netflix.discovery.DiscoveryClient    : Force full registry fetch : false
2023-12-21T14:36:12.612+01:00  INFO 1940 --- [ORDER-SERVICE] [main] com.netflix.discovery.DiscoveryClient    : Application is null : false
2023-12-21T14:36:12.612+01:00  INFO 1940 --- [ORDER-SERVICE] [main] com.netflix.discovery.DiscoveryClient    : Registered Applications size is zero : true
2023-12-21T14:36:12.612+01:00  INFO 1940 --- [ORDER-SERVICE] [main] com.netflix.discovery.DiscoveryClient    : Application version is -1: true
2023-12-21T14:36:12.613+01:00  INFO 1940 --- [ORDER-SERVICE] [main] com.netflix.discovery.DiscoveryClient    : Getting all instance registry info from the eureka server
2023-12-21T14:36:13.640+01:00  INFO 1940 --- [ORDER-SERVICE] [main] com.netflix.discovery.DiscoveryClient    : The response status is 200
2023-12-21T14:36:13.652+01:00  INFO 1940 --- [ORDER-SERVICE] [main] com.netflix.discovery.DiscoveryClient    : Starting heartbeat executor: renew interval is: 30
2023-12-21T14:36:13.657+01:00  INFO 1940 --- [ORDER-SERVICE] [main] c.n.discovery.InstanceInfoReplicator     : InstanceInfoReplicator onDemand update allowed rate per min is 4
2023-12-21T14:36:13.668+01:00  INFO 1940 --- [ORDER-SERVICE] [main] com.netflix.discovery.DiscoveryClient    : Discovery Client initialized at timestamp 1703165773664 with initial instances count: 2
2023-12-21T14:36:13.673+01:00  INFO 1940 --- [ORDER-SERVICE] [main] o.s.c.n.e.s.EurekaServiceRegistry        : Registering application ORDER-SERVICE with eureka with status UP
2023-12-21T14:36:13.674+01:00  INFO 1940 --- [ORDER-SERVICE] [main] com.netflix.discovery.DiscoveryClient    : Saw local status change event StatusChangeEvent [timestamp=1703165773674, current=UP, previous=STARTING]
2023-12-21T14:36:13.678+01:00  INFO 1940 --- [ORDER-SERVICE] [DiscoveryClient-InstanceInfoReplicator-0] com.netflix.discovery.DiscoveryClient    : DiscoveryClient_ORDER-SERVICE/host.docker.internal:ORDER-SERVICE:9192: registering service...
2023-12-21T14:36:13.730+01:00  INFO 1940 --- [ORDER-SERVICE] [main] o.s.b.w.embedded.tomcat.TomcatWebServer  : Tomcat started on port 9192 (http) with context path ''
2023-12-21T14:36:13.736+01:00  INFO 1940 --- [ORDER-SERVICE] [main] .s.c.n.e.s.EurekaAutoServiceRegistration : Updating port to 9192
2023-12-21T14:36:13.780+01:00  INFO 1940 --- [ORDER-SERVICE] [DiscoveryClient-InstanceInfoReplicator-0] com.netflix.discovery.DiscoveryClient    : DiscoveryClient_ORDER-SERVICE/host.docker.internal:ORDER-SERVICE:9192 - registration status: 204
2023-12-21T14:36:14.002+01:00  INFO 1940 --- [ORDER-SERVICE] [main] c.j.o.OrderServiceApplication            : Started OrderServiceApplication in 19.558 seconds (process running for 20.861)
2023-12-21T14:36:43.654+01:00  INFO 8232 --- [PAYMENT-SERVICE] [main] c.c.c.ConfigServicePropertySourceLocator : Fetching config from server at : http://localhost:9196
2023-12-21T14:36:44.950+01:00  INFO 8232 --- [PAYMENT-SERVICE] [main] c.c.c.ConfigServicePropertySourceLocator : Located environment: name=PAYMENT-SERVICE, profiles=[default], label=null, version=951e88bbce44d969d053fe66ab59ff4522364561, state=null
2023-12-21T14:36:44.953+01:00  INFO 8232 --- [PAYMENT-SERVICE] [main] b.c.PropertySourceBootstrapConfiguration : Located property source: [BootstrapPropertySource {name='bootstrapProperties-configClient'}, BootstrapPropertySource {name='bootstrapProperties-https://github.com/Safa31Ben/cloud-config-server-tp9/application.yml'}]
2023-12-21T14:36:44.976+01:00  INFO 8232 --- [PAYMENT-SERVICE] [main] c.j.p.api.PaymentServiceApplication      : No active profile set, falling back to 1 default profile: "default"
2023-12-21T14:36:45.753+01:00  INFO 8232 --- [PAYMENT-SERVICE] [main] .s.d.r.c.RepositoryConfigurationDelegate : Bootstrapping Spring Data JPA repositories in DEFAULT mode.
2023-12-21T14:36:45.959+01:00  INFO 8232 --- [PAYMENT-SERVICE] [main] .s.d.r.c.RepositoryConfigurationDelegate : Finished Spring Data repository scanning in 192 ms. Found 1 JPA repository interface.
2023-12-21T14:36:46.815+01:00  INFO 8232 --- [PAYMENT-SERVICE] [main] o.s.cloud.context.scope.GenericScope     : BeanFactory id=65ba0044-4324-31fc-ae8c-ad251040880d
2023-12-21T14:36:47.076+01:00  WARN 8232 --- [PAYMENT-SERVICE] [main] trationDelegate$BeanPostProcessorChecker : Bean 'org.springframework.cloud.client.loadbalancer.LoadBalancerAutoConfiguration$LoadBalancerInterceptorConfig' of type [org.springframework.cloud.client.loadbalancer.LoadBalancerAutoConfiguration$LoadBalancerInterceptorConfig] is not eligible for getting processed by all BeanPostProcessors (for example: not eligible for auto-proxying). The currently created BeanPostProcessor [lbRestClientPostProcessor] is declared through a non-static factory method on that class; consider declaring it as static instead.
2023-12-21T14:36:47.081+01:00  WARN 8232 --- [PAYMENT-SERVICE] [main] trationDelegate$BeanPostProcessorChecker : Bean 'org.springframework.cloud.loadbalancer.config.BlockingLoadBalancerClientAutoConfiguration' of type [org.springframework.cloud.loadbalancer.config.BlockingLoadBalancerClientAutoConfiguration] is not eligible for getting processed by all BeanPostProcessors (for example: not eligible for auto-proxying). Is this bean getting eagerly injected into a currently created BeanPostProcessor [lbRestClientPostProcessor]? Check the corresponding BeanPostProcessor declaration and its dependencies.
2023-12-21T14:36:47.084+01:00  WARN 8232 --- [PAYMENT-SERVICE] [main] trationDelegate$BeanPostProcessorChecker : Bean 'org.springframework.cloud.loadbalancer.config.LoadBalancerAutoConfiguration' of type [org.springframework.cloud.loadbalancer.config.LoadBalancerAutoConfiguration] is not eligible for getting processed by all BeanPostProcessors (for example: not eligible for auto-proxying). Is this bean getting eagerly injected into a currently created BeanPostProcessor [lbRestClientPostProcessor]? Check the corresponding BeanPostProcessor declaration and its dependencies.
2023-12-21T14:36:47.096+01:00  WARN 8232 --- [PAYMENT-SERVICE] [main] trationDelegate$BeanPostProcessorChecker : Bean 'org.springframework.cloud.commons.config.CommonsConfigAutoConfiguration' of type [org.springframework.cloud.commons.config.CommonsConfigAutoConfiguration] is not eligible for getting processed by all BeanPostProcessors (for example: not eligible for auto-proxying). Is this bean getting eagerly injected into a currently created BeanPostProcessor [lbRestClientPostProcessor]? Check the corresponding BeanPostProcessor declaration and its dependencies.
2023-12-21T14:36:47.100+01:00  WARN 8232 --- [PAYMENT-SERVICE] [main] trationDelegate$BeanPostProcessorChecker : Bean 'org.springframework.cloud.client.loadbalancer.LoadBalancerDefaultMappingsProviderAutoConfiguration' of type [org.springframework.cloud.client.loadbalancer.LoadBalancerDefaultMappingsProviderAutoConfiguration] is not eligible for getting processed by all BeanPostProcessors (for example: not eligible for auto-proxying). Is this bean getting eagerly injected into a currently created BeanPostProcessor [lbRestClientPostProcessor]? Check the corresponding BeanPostProcessor declaration and its dependencies.
2023-12-21T14:36:47.102+01:00  WARN 8232 --- [PAYMENT-SERVICE] [main] trationDelegate$BeanPostProcessorChecker : Bean 'loadBalancerClientsDefaultsMappingsProvider' of type [org.springframework.cloud.client.loadbalancer.LoadBalancerDefaultMappingsProviderAutoConfiguration$$Lambda$706/0x0000026f38475248] is not eligible for getting processed by all BeanPostProcessors (for example: not eligible for auto-proxying). Is this bean getting eagerly injected into a currently created BeanPostProcessor [lbRestClientPostProcessor]? Check the corresponding BeanPostProcessor declaration and its dependencies.
2023-12-21T14:36:47.104+01:00  WARN 8232 --- [PAYMENT-SERVICE] [main] trationDelegate$BeanPostProcessorChecker : Bean 'defaultsBindHandlerAdvisor' of type [org.springframework.cloud.commons.config.DefaultsBindHandlerAdvisor] is not eligible for getting processed by all BeanPostProcessors (for example: not eligible for auto-proxying). Is this bean getting eagerly injected into a currently created BeanPostProcessor [lbRestClientPostProcessor]? Check the corresponding BeanPostProcessor declaration and its dependencies.
2023-12-21T14:36:47.117+01:00  WARN 8232 --- [PAYMENT-SERVICE] [main] trationDelegate$BeanPostProcessorChecker : Bean 'spring.cloud.loadbalancer-org.springframework.cloud.client.loadbalancer.LoadBalancerClientsProperties' of type [org.springframework.cloud.client.loadbalancer.LoadBalancerClientsProperties] is not eligible for getting processed by all BeanPostProcessors (for example: not eligible for auto-proxying). Is this bean getting eagerly injected into a currently created BeanPostProcessor [lbRestClientPostProcessor]? Check the corresponding BeanPostProcessor declaration and its dependencies.
2023-12-21T14:36:47.123+01:00  WARN 8232 --- [PAYMENT-SERVICE] [main] trationDelegate$BeanPostProcessorChecker : Bean 'default.org.springframework.cloud.loadbalancer.config.LoadBalancerAutoConfiguration.LoadBalancerClientSpecification' of type [org.springframework.cloud.loadbalancer.annotation.LoadBalancerClientSpecification] is not eligible for getting processed by all BeanPostProcessors (for example: not eligible for auto-proxying). Is this bean getting eagerly injected into a currently created BeanPostProcessor [lbRestClientPostProcessor]? Check the corresponding BeanPostProcessor declaration and its dependencies.
2023-12-21T14:36:47.125+01:00  WARN 8232 --- [PAYMENT-SERVICE] [main] trationDelegate$BeanPostProcessorChecker : Bean 'default.org.springframework.cloud.loadbalancer.config.BlockingLoadBalancerClientAutoConfiguration.LoadBalancerClientSpecification' of type [org.springframework.cloud.loadbalancer.annotation.LoadBalancerClientSpecification] is not eligible for getting processed by all BeanPostProcessors (for example: not eligible for auto-proxying). Is this bean getting eagerly injected into a currently created BeanPostProcessor [lbRestClientPostProcessor]? Check the corresponding BeanPostProcessor declaration and its dependencies.
2023-12-21T14:36:47.126+01:00  WARN 8232 --- [PAYMENT-SERVICE] [main] trationDelegate$BeanPostProcessorChecker : Bean 'default.org.springframework.cloud.netflix.eureka.loadbalancer.LoadBalancerEurekaAutoConfiguration.LoadBalancerClientSpecification' of type [org.springframework.cloud.loadbalancer.annotation.LoadBalancerClientSpecification] is not eligible for getting processed by all BeanPostProcessors (for example: not eligible for auto-proxying). Is this bean getting eagerly injected into a currently created BeanPostProcessor [lbRestClientPostProcessor]? Check the corresponding BeanPostProcessor declaration and its dependencies.
2023-12-21T14:36:47.131+01:00  WARN 8232 --- [PAYMENT-SERVICE] [main] trationDelegate$BeanPostProcessorChecker : Bean 'loadBalancerClientFactory' of type [org.springframework.cloud.loadbalancer.support.LoadBalancerClientFactory] is not eligible for getting processed by all BeanPostProcessors (for example: not eligible for auto-proxying). Is this bean getting eagerly injected into a currently created BeanPostProcessor [lbRestClientPostProcessor]? Check the corresponding BeanPostProcessor declaration and its dependencies.
2023-12-21T14:36:47.140+01:00  WARN 8232 --- [PAYMENT-SERVICE] [main] trationDelegate$BeanPostProcessorChecker : Bean 'blockingLoadBalancerClient' of type [org.springframework.cloud.loadbalancer.blocking.client.BlockingLoadBalancerClient] is not eligible for getting processed by all BeanPostProcessors (for example: not eligible for auto-proxying). Is this bean getting eagerly injected into a currently created BeanPostProcessor [lbRestClientPostProcessor]? Check the corresponding BeanPostProcessor declaration and its dependencies.
2023-12-21T14:36:47.152+01:00  WARN 8232 --- [PAYMENT-SERVICE] [main] trationDelegate$BeanPostProcessorChecker : Bean 'loadBalancerServiceInstanceCookieTransformer' of type [org.springframework.cloud.loadbalancer.core.LoadBalancerServiceInstanceCookieTransformer] is not eligible for getting processed by all BeanPostProcessors (for example: not eligible for auto-proxying). Is this bean getting eagerly injected into a currently created BeanPostProcessor [lbRestClientPostProcessor]? Check the corresponding BeanPostProcessor declaration and its dependencies.
2023-12-21T14:36:47.153+01:00  WARN 8232 --- [PAYMENT-SERVICE] [main] trationDelegate$BeanPostProcessorChecker : Bean 'xForwarderHeadersTransformer' of type [org.springframework.cloud.loadbalancer.blocking.XForwardedHeadersTransformer] is not eligible for getting processed by all BeanPostProcessors (for example: not eligible for auto-proxying). Is this bean getting eagerly injected into a currently created BeanPostProcessor [lbRestClientPostProcessor]? Check the corresponding BeanPostProcessor declaration and its dependencies.
2023-12-21T14:36:47.155+01:00  WARN 8232 --- [PAYMENT-SERVICE] [main] trationDelegate$BeanPostProcessorChecker : Bean 'org.springframework.cloud.client.loadbalancer.LoadBalancerAutoConfiguration' of type [org.springframework.cloud.client.loadbalancer.LoadBalancerAutoConfiguration] is not eligible for getting processed by all BeanPostProcessors (for example: not eligible for auto-proxying). Is this bean getting eagerly injected into a currently created BeanPostProcessor [lbRestClientPostProcessor]? Check the corresponding BeanPostProcessor declaration and its dependencies.
2023-12-21T14:36:47.158+01:00  WARN 8232 --- [PAYMENT-SERVICE] [main] trationDelegate$BeanPostProcessorChecker : Bean 'loadBalancerRequestFactory' of type [org.springframework.cloud.client.loadbalancer.LoadBalancerRequestFactory] is not eligible for getting processed by all BeanPostProcessors (for example: not eligible for auto-proxying). Is this bean getting eagerly injected into a currently created BeanPostProcessor [lbRestClientPostProcessor]? Check the corresponding BeanPostProcessor declaration and its dependencies.
2023-12-21T14:36:47.159+01:00  WARN 8232 --- [PAYMENT-SERVICE] [main] trationDelegate$BeanPostProcessorChecker : Bean 'loadBalancerInterceptor' of type [org.springframework.cloud.client.loadbalancer.LoadBalancerInterceptor] is not eligible for getting processed by all BeanPostProcessors (for example: not eligible for auto-proxying). Is this bean getting eagerly injected into a currently created BeanPostProcessor [lbRestClientPostProcessor]? Check the corresponding BeanPostProcessor declaration and its dependencies.
2023-12-21T14:36:47.753+01:00  INFO 8232 --- [PAYMENT-SERVICE] [main] o.s.b.w.embedded.tomcat.TomcatWebServer  : Tomcat initialized with port 9191 (http)
2023-12-21T14:36:47.772+01:00  INFO 8232 --- [PAYMENT-SERVICE] [main] o.apache.catalina.core.StandardService   : Starting service [Tomcat]
2023-12-21T14:36:47.772+01:00  INFO 8232 --- [PAYMENT-SERVICE] [main] o.apache.catalina.core.StandardEngine    : Starting Servlet engine: [Apache Tomcat/10.1.16]
2023-12-21T14:36:47.910+01:00  INFO 8232 --- [PAYMENT-SERVICE] [main] o.a.c.c.C.[Tomcat].[localhost].[/]       : Initializing Spring embedded WebApplicationContext
2023-12-21T14:36:47.911+01:00  INFO 8232 --- [PAYMENT-SERVICE] [main] w.s.c.ServletWebServerApplicationContext : Root WebApplicationContext: initialization completed in 2917 ms
2023-12-21T14:36:47.969+01:00  INFO 8232 --- [PAYMENT-SERVICE] [main] com.zaxxer.hikari.HikariDataSource       : HikariPool-1 - Starting...
2023-12-21T14:36:48.513+01:00  INFO 8232 --- [PAYMENT-SERVICE] [main] com.zaxxer.hikari.pool.HikariPool        : HikariPool-1 - Added connection conn0: url=jdbc:h2:mem:testdb user=SA
2023-12-21T14:36:48.517+01:00  INFO 8232 --- [PAYMENT-SERVICE] [main] com.zaxxer.hikari.HikariDataSource       : HikariPool-1 - Start completed.
2023-12-21T14:36:48.546+01:00  INFO 8232 --- [PAYMENT-SERVICE] [main] o.s.b.a.h2.H2ConsoleAutoConfiguration    : H2 console available at '/h2-console'. Database available at 'jdbc:h2:mem:testdb'
2023-12-21T14:36:48.831+01:00  INFO 8232 --- [PAYMENT-SERVICE] [main] o.hibernate.jpa.internal.util.LogHelper  : HHH000204: Processing PersistenceUnitInfo [name: default]
2023-12-21T14:36:48.946+01:00  INFO 8232 --- [PAYMENT-SERVICE] [main] org.hibernate.Version                    : HHH000412: Hibernate ORM core version 6.3.1.Final
2023-12-21T14:36:49.063+01:00  INFO 8232 --- [PAYMENT-SERVICE] [main] o.h.c.internal.RegionFactoryInitiator    : HHH000026: Second-level cache disabled
2023-12-21T14:36:49.580+01:00  INFO 8232 --- [PAYMENT-SERVICE] [main] o.s.o.j.p.SpringPersistenceUnitInfo      : No LoadTimeWeaver setup: ignoring JPA class transformer
2023-12-21T14:36:49.676+01:00  WARN 8232 --- [PAYMENT-SERVICE] [main] org.hibernate.orm.deprecation            : HHH90000025: H2Dialect does not need to be specified explicitly using 'hibernate.dialect' (remove the property setting and it will be selected by default)
2023-12-21T14:36:51.250+01:00  INFO 8232 --- [PAYMENT-SERVICE] [main] o.h.e.t.j.p.i.JtaPlatformInitiator       : HHH000489: No JTA platform available (set 'hibernate.transaction.jta.platform' to enable JTA platform integration)
2023-12-21T14:36:51.315+01:00  INFO 8232 --- [PAYMENT-SERVICE] [main] j.LocalContainerEntityManagerFactoryBean : Initialized JPA EntityManagerFactory for persistence unit 'default'
2023-12-21T14:36:51.902+01:00  WARN 8232 --- [PAYMENT-SERVICE] [main] JpaBaseConfiguration$JpaWebConfiguration : spring.jpa.open-in-view is enabled by default. Therefore, database queries may be performed during view rendering. Explicitly configure spring.jpa.open-in-view to disable this warning
2023-12-21T14:36:52.759+01:00  INFO 8232 --- [PAYMENT-SERVICE] [main] DiscoveryClientOptionalArgsConfiguration : Eureka HTTP Client uses RestTemplate.
2023-12-21T14:36:52.941+01:00  WARN 8232 --- [PAYMENT-SERVICE] [main] iguration$LoadBalancerCaffeineWarnLogger : Spring Cloud LoadBalancer is currently working with the default cache. While this cache implementation is useful for development and tests, it's recommended to use Caffeine cache in production.You can switch to using Caffeine cache, by adding it and org.springframework.cache.caffeine.CaffeineCacheManager to the classpath.
2023-12-21T14:36:53.033+01:00  INFO 8232 --- [PAYMENT-SERVICE] [main] o.s.c.n.eureka.InstanceInfoFactory       : Setting initial instance status as: STARTING
2023-12-21T14:36:53.098+01:00  INFO 8232 --- [PAYMENT-SERVICE] [main] com.netflix.discovery.DiscoveryClient    : Initializing Eureka in region us-east-1
2023-12-21T14:36:53.106+01:00  INFO 8232 --- [PAYMENT-SERVICE] [main] c.n.d.s.r.aws.ConfigClusterResolver      : Resolving eureka endpoints via configuration
2023-12-21T14:36:53.154+01:00  INFO 8232 --- [PAYMENT-SERVICE] [main] com.netflix.discovery.DiscoveryClient    : Disable delta property : false
2023-12-21T14:36:53.154+01:00  INFO 8232 --- [PAYMENT-SERVICE] [main] com.netflix.discovery.DiscoveryClient    : Single vip registry refresh property : null
2023-12-21T14:36:53.154+01:00  INFO 8232 --- [PAYMENT-SERVICE] [main] com.netflix.discovery.DiscoveryClient    : Force full registry fetch : false
2023-12-21T14:36:53.154+01:00  INFO 8232 --- [PAYMENT-SERVICE] [main] com.netflix.discovery.DiscoveryClient    : Application is null : false
2023-12-21T14:36:53.155+01:00  INFO 8232 --- [PAYMENT-SERVICE] [main] com.netflix.discovery.DiscoveryClient    : Registered Applications size is zero : true
2023-12-21T14:36:53.155+01:00  INFO 8232 --- [PAYMENT-SERVICE] [main] com.netflix.discovery.DiscoveryClient    : Application version is -1: true
2023-12-21T14:36:53.155+01:00  INFO 8232 --- [PAYMENT-SERVICE] [main] com.netflix.discovery.DiscoveryClient    : Getting all instance registry info from the eureka server
2023-12-21T14:36:53.812+01:00  INFO 8232 --- [PAYMENT-SERVICE] [main] com.netflix.discovery.DiscoveryClient    : The response status is 200
2023-12-21T14:36:53.817+01:00  INFO 8232 --- [PAYMENT-SERVICE] [main] com.netflix.discovery.DiscoveryClient    : Starting heartbeat executor: renew interval is: 30
2023-12-21T14:36:53.823+01:00  INFO 8232 --- [PAYMENT-SERVICE] [main] c.n.discovery.InstanceInfoReplicator     : InstanceInfoReplicator onDemand update allowed rate per min is 4
2023-12-21T14:36:53.832+01:00  INFO 8232 --- [PAYMENT-SERVICE] [main] com.netflix.discovery.DiscoveryClient    : Discovery Client initialized at timestamp 1703165813831 with initial instances count: 3
2023-12-21T14:36:53.837+01:00  INFO 8232 --- [PAYMENT-SERVICE] [main] o.s.c.n.e.s.EurekaServiceRegistry        : Registering application PAYMENT-SERVICE with eureka with status UP
2023-12-21T14:36:53.839+01:00  INFO 8232 --- [PAYMENT-SERVICE] [main] com.netflix.discovery.DiscoveryClient    : Saw local status change event StatusChangeEvent [timestamp=1703165813839, current=UP, previous=STARTING]
2023-12-21T14:36:53.842+01:00  INFO 8232 --- [PAYMENT-SERVICE] [DiscoveryClient-InstanceInfoReplicator-0] com.netflix.discovery.DiscoveryClient    : DiscoveryClient_PAYMENT-SERVICE/host.docker.internal:PAYMENT-SERVICE:9191: registering service...
2023-12-21T14:36:53.887+01:00  INFO 8232 --- [PAYMENT-SERVICE] [main] o.s.b.w.embedded.tomcat.TomcatWebServer  : Tomcat started on port 9191 (http) with context path ''
2023-12-21T14:36:53.890+01:00  INFO 8232 --- [PAYMENT-SERVICE] [main] .s.c.n.e.s.EurekaAutoServiceRegistration : Updating port to 9191
2023-12-21T14:36:53.935+01:00  INFO 8232 --- [PAYMENT-SERVICE] [DiscoveryClient-InstanceInfoReplicator-0] com.netflix.discovery.DiscoveryClient    : DiscoveryClient_PAYMENT-SERVICE/host.docker.internal:PAYMENT-SERVICE:9191 - registration status: 204
2023-12-21T14:36:54.064+01:00  INFO 8232 --- [PAYMENT-SERVICE] [main] c.j.p.api.PaymentServiceApplication      : Started PaymentServiceApplication in 12.922 seconds (process running for 14.588)
2023-12-21T14:41:12.635+01:00  INFO 1940 --- [ORDER-SERVICE] [AsyncResolver-bootstrap-executor-0] c.n.d.s.r.aws.ConfigClusterResolver      : Resolving eureka endpoints via configuration
2023-12-21T14:41:53.174+01:00  INFO 8232 --- [PAYMENT-SERVICE] [AsyncResolver-bootstrap-executor-0] c.n.d.s.r.aws.ConfigClusterResolver      : Resolving eureka endpoints via configuration
2023-12-21T14:46:12.648+01:00  INFO 1940 --- [ORDER-SERVICE] [AsyncResolver-bootstrap-executor-0] c.n.d.s.r.aws.ConfigClusterResolver      : Resolving eureka endpoints via configuration
2023-12-21T14:46:53.179+01:00  INFO 8232 --- [PAYMENT-SERVICE] [AsyncResolver-bootstrap-executor-0] c.n.d.s.r.aws.ConfigClusterResolver      : Resolving eureka endpoints via configuration
2023-12-21T14:51:12.658+01:00  INFO 1940 --- [ORDER-SERVICE] [AsyncResolver-bootstrap-executor-0] c.n.d.s.r.aws.ConfigClusterResolver      : Resolving eureka endpoints via configuration
2023-12-21T14:51:53.185+01:00  INFO 8232 --- [PAYMENT-SERVICE] [AsyncResolver-bootstrap-executor-0] c.n.d.s.r.aws.ConfigClusterResolver      : Resolving eureka endpoints via configuration
2023-12-21T14:56:12.671+01:00  INFO 1940 --- [ORDER-SERVICE] [AsyncResolver-bootstrap-executor-0] c.n.d.s.r.aws.ConfigClusterResolver      : Resolving eureka endpoints via configuration
2023-12-21T14:56:53.195+01:00  INFO 8232 --- [PAYMENT-SERVICE] [AsyncResolver-bootstrap-executor-0] c.n.d.s.r.aws.ConfigClusterResolver      : Resolving eureka endpoints via configuration
2023-12-21T15:01:12.684+01:00  INFO 1940 --- [ORDER-SERVICE] [AsyncResolver-bootstrap-executor-0] c.n.d.s.r.aws.ConfigClusterResolver      : Resolving eureka endpoints via configuration
2023-12-21T15:01:53.222+01:00  INFO 8232 --- [PAYMENT-SERVICE] [AsyncResolver-bootstrap-executor-0] c.n.d.s.r.aws.ConfigClusterResolver      : Resolving eureka endpoints via configuration
2023-12-21T15:06:12.707+01:00  INFO 1940 --- [ORDER-SERVICE] [AsyncResolver-bootstrap-executor-0] c.n.d.s.r.aws.ConfigClusterResolver      : Resolving eureka endpoints via configuration
2023-12-21T15:06:53.228+01:00  INFO 8232 --- [PAYMENT-SERVICE] [AsyncResolver-bootstrap-executor-0] c.n.d.s.r.aws.ConfigClusterResolver      : Resolving eureka endpoints via configuration
2023-12-21T15:11:12.724+01:00  INFO 1940 --- [ORDER-SERVICE] [AsyncResolver-bootstrap-executor-0] c.n.d.s.r.aws.ConfigClusterResolver      : Resolving eureka endpoints via configuration
2023-12-21T15:11:53.234+01:00  INFO 8232 --- [PAYMENT-SERVICE] [AsyncResolver-bootstrap-executor-0] c.n.d.s.r.aws.ConfigClusterResolver      : Resolving eureka endpoints via configuration
2023-12-21T15:16:12.734+01:00  INFO 1940 --- [ORDER-SERVICE] [AsyncResolver-bootstrap-executor-0] c.n.d.s.r.aws.ConfigClusterResolver      : Resolving eureka endpoints via configuration
2023-12-21T15:16:53.250+01:00  INFO 8232 --- [PAYMENT-SERVICE] [AsyncResolver-bootstrap-executor-0] c.n.d.s.r.aws.ConfigClusterResolver      : Resolving eureka endpoints via configuration
2023-12-21T15:21:12.741+01:00  INFO 1940 --- [ORDER-SERVICE] [AsyncResolver-bootstrap-executor-0] c.n.d.s.r.aws.ConfigClusterResolver      : Resolving eureka endpoints via configuration
2023-12-21T15:21:53.264+01:00  INFO 8232 --- [PAYMENT-SERVICE] [AsyncResolver-bootstrap-executor-0] c.n.d.s.r.aws.ConfigClusterResolver      : Resolving eureka endpoints via configuration
2023-12-21T15:26:12.752+01:00  INFO 1940 --- [ORDER-SERVICE] [AsyncResolver-bootstrap-executor-0] c.n.d.s.r.aws.ConfigClusterResolver      : Resolving eureka endpoints via configuration
2023-12-21T15:26:53.281+01:00  INFO 8232 --- [PAYMENT-SERVICE] [AsyncResolver-bootstrap-executor-0] c.n.d.s.r.aws.ConfigClusterResolver      : Resolving eureka endpoints via configuration
2023-12-21T15:31:12.764+01:00  INFO 1940 --- [ORDER-SERVICE] [AsyncResolver-bootstrap-executor-0] c.n.d.s.r.aws.ConfigClusterResolver      : Resolving eureka endpoints via configuration
2023-12-21T15:31:53.289+01:00  INFO 8232 --- [PAYMENT-SERVICE] [AsyncResolver-bootstrap-executor-0] c.n.d.s.r.aws.ConfigClusterResolver      : Resolving eureka endpoints via configuration
2023-12-21T15:36:12.772+01:00  INFO 1940 --- [ORDER-SERVICE] [AsyncResolver-bootstrap-executor-0] c.n.d.s.r.aws.ConfigClusterResolver      : Resolving eureka endpoints via configuration
2023-12-21T15:36:53.302+01:00  INFO 8232 --- [PAYMENT-SERVICE] [AsyncResolver-bootstrap-executor-0] c.n.d.s.r.aws.ConfigClusterResolver      : Resolving eureka endpoints via configuration
2023-12-21T15:41:12.779+01:00  INFO 1940 --- [ORDER-SERVICE] [AsyncResolver-bootstrap-executor-0] c.n.d.s.r.aws.ConfigClusterResolver      : Resolving eureka endpoints via configuration
2023-12-21T15:41:53.311+01:00  INFO 8232 --- [PAYMENT-SERVICE] [AsyncResolver-bootstrap-executor-0] c.n.d.s.r.aws.ConfigClusterResolver      : Resolving eureka endpoints via configuration
2023-12-21T15:46:12.787+01:00  INFO 1940 --- [ORDER-SERVICE] [AsyncResolver-bootstrap-executor-0] c.n.d.s.r.aws.ConfigClusterResolver      : Resolving eureka endpoints via configuration
2023-12-21T15:46:53.316+01:00  INFO 8232 --- [PAYMENT-SERVICE] [AsyncResolver-bootstrap-executor-0] c.n.d.s.r.aws.ConfigClusterResolver      : Resolving eureka endpoints via configuration
2023-12-21T15:51:12.790+01:00  INFO 1940 --- [ORDER-SERVICE] [AsyncResolver-bootstrap-executor-0] c.n.d.s.r.aws.ConfigClusterResolver      : Resolving eureka endpoints via configuration
2023-12-21T15:51:53.352+01:00  INFO 8232 --- [PAYMENT-SERVICE] [AsyncResolver-bootstrap-executor-0] c.n.d.s.r.aws.ConfigClusterResolver      : Resolving eureka endpoints via configuration
2023-12-21T15:56:12.803+01:00  INFO 1940 --- [ORDER-SERVICE] [AsyncResolver-bootstrap-executor-0] c.n.d.s.r.aws.ConfigClusterResolver      : Resolving eureka endpoints via configuration
2023-12-21T15:56:53.363+01:00  INFO 8232 --- [PAYMENT-SERVICE] [AsyncResolver-bootstrap-executor-0] c.n.d.s.r.aws.ConfigClusterResolver      : Resolving eureka endpoints via configuration
2023-12-21T16:01:12.819+01:00  INFO 1940 --- [ORDER-SERVICE] [AsyncResolver-bootstrap-executor-0] c.n.d.s.r.aws.ConfigClusterResolver      : Resolving eureka endpoints via configuration
2023-12-21T16:01:53.381+01:00  INFO 8232 --- [PAYMENT-SERVICE] [AsyncResolver-bootstrap-executor-0] c.n.d.s.r.aws.ConfigClusterResolver      : Resolving eureka endpoints via configuration
2023-12-21T16:06:12.833+01:00  INFO 1940 --- [ORDER-SERVICE] [AsyncResolver-bootstrap-executor-0] c.n.d.s.r.aws.ConfigClusterResolver      : Resolving eureka endpoints via configuration
2023-12-21T16:06:53.392+01:00  INFO 8232 --- [PAYMENT-SERVICE] [AsyncResolver-bootstrap-executor-0] c.n.d.s.r.aws.ConfigClusterResolver      : Resolving eureka endpoints via configuration
2023-12-21T16:11:12.843+01:00  INFO 1940 --- [ORDER-SERVICE] [AsyncResolver-bootstrap-executor-0] c.n.d.s.r.aws.ConfigClusterResolver      : Resolving eureka endpoints via configuration
2023-12-21T16:11:53.402+01:00  INFO 8232 --- [PAYMENT-SERVICE] [AsyncResolver-bootstrap-executor-0] c.n.d.s.r.aws.ConfigClusterResolver      : Resolving eureka endpoints via configuration
2023-12-21T16:16:12.848+01:00  INFO 1940 --- [ORDER-SERVICE] [AsyncResolver-bootstrap-executor-0] c.n.d.s.r.aws.ConfigClusterResolver      : Resolving eureka endpoints via configuration
2023-12-21T16:16:53.415+01:00  INFO 8232 --- [PAYMENT-SERVICE] [AsyncResolver-bootstrap-executor-0] c.n.d.s.r.aws.ConfigClusterResolver      : Resolving eureka endpoints via configuration
2023-12-21T16:21:12.855+01:00  INFO 1940 --- [ORDER-SERVICE] [AsyncResolver-bootstrap-executor-0] c.n.d.s.r.aws.ConfigClusterResolver      : Resolving eureka endpoints via configuration
2023-12-21T16:21:53.426+01:00  INFO 8232 --- [PAYMENT-SERVICE] [AsyncResolver-bootstrap-executor-0] c.n.d.s.r.aws.ConfigClusterResolver      : Resolving eureka endpoints via configuration
2023-12-21T16:26:12.863+01:00  INFO 1940 --- [ORDER-SERVICE] [AsyncResolver-bootstrap-executor-0] c.n.d.s.r.aws.ConfigClusterResolver      : Resolving eureka endpoints via configuration
2023-12-21T16:26:53.433+01:00  INFO 8232 --- [PAYMENT-SERVICE] [AsyncResolver-bootstrap-executor-0] c.n.d.s.r.aws.ConfigClusterResolver      : Resolving eureka endpoints via configuration
2023-12-21T16:31:12.878+01:00  INFO 1940 --- [ORDER-SERVICE] [AsyncResolver-bootstrap-executor-0] c.n.d.s.r.aws.ConfigClusterResolver      : Resolving eureka endpoints via configuration
2023-12-21T16:31:53.442+01:00  INFO 8232 --- [PAYMENT-SERVICE] [AsyncResolver-bootstrap-executor-0] c.n.d.s.r.aws.ConfigClusterResolver      : Resolving eureka endpoints via configuration
2023-12-21T16:36:12.891+01:00  INFO 1940 --- [ORDER-SERVICE] [AsyncResolver-bootstrap-executor-0] c.n.d.s.r.aws.ConfigClusterResolver      : Resolving eureka endpoints via configuration
2023-12-21T16:36:53.451+01:00  INFO 8232 --- [PAYMENT-SERVICE] [AsyncResolver-bootstrap-executor-0] c.n.d.s.r.aws.ConfigClusterResolver      : Resolving eureka endpoints via configuration
2023-12-21T16:41:12.906+01:00  INFO 1940 --- [ORDER-SERVICE] [AsyncResolver-bootstrap-executor-0] c.n.d.s.r.aws.ConfigClusterResolver      : Resolving eureka endpoints via configuration
2023-12-21T16:41:53.468+01:00  INFO 8232 --- [PAYMENT-SERVICE] [AsyncResolver-bootstrap-executor-0] c.n.d.s.r.aws.ConfigClusterResolver      : Resolving eureka endpoints via configuration
2023-12-21T16:46:12.916+01:00  INFO 1940 --- [ORDER-SERVICE] [AsyncResolver-bootstrap-executor-0] c.n.d.s.r.aws.ConfigClusterResolver      : Resolving eureka endpoints via configuration
2023-12-21T16:46:53.487+01:00  INFO 8232 --- [PAYMENT-SERVICE] [AsyncResolver-bootstrap-executor-0] c.n.d.s.r.aws.ConfigClusterResolver      : Resolving eureka endpoints via configuration
2023-12-21T16:51:12.932+01:00  INFO 1940 --- [ORDER-SERVICE] [AsyncResolver-bootstrap-executor-0] c.n.d.s.r.aws.ConfigClusterResolver      : Resolving eureka endpoints via configuration
2023-12-21T16:51:53.499+01:00  INFO 8232 --- [PAYMENT-SERVICE] [AsyncResolver-bootstrap-executor-0] c.n.d.s.r.aws.ConfigClusterResolver      : Resolving eureka endpoints via configuration
2023-12-21T16:56:12.946+01:00  INFO 1940 --- [ORDER-SERVICE] [AsyncResolver-bootstrap-executor-0] c.n.d.s.r.aws.ConfigClusterResolver      : Resolving eureka endpoints via configuration
2023-12-21T16:56:53.505+01:00  INFO 8232 --- [PAYMENT-SERVICE] [AsyncResolver-bootstrap-executor-0] c.n.d.s.r.aws.ConfigClusterResolver      : Resolving eureka endpoints via configuration
2023-12-21T17:01:12.967+01:00  INFO 1940 --- [ORDER-SERVICE] [AsyncResolver-bootstrap-executor-0] c.n.d.s.r.aws.ConfigClusterResolver      : Resolving eureka endpoints via configuration
2023-12-21T17:01:53.514+01:00  INFO 8232 --- [PAYMENT-SERVICE] [AsyncResolver-bootstrap-executor-0] c.n.d.s.r.aws.ConfigClusterResolver      : Resolving eureka endpoints via configuration
2023-12-21T17:06:12.978+01:00  INFO 1940 --- [ORDER-SERVICE] [AsyncResolver-bootstrap-executor-0] c.n.d.s.r.aws.ConfigClusterResolver      : Resolving eureka endpoints via configuration
2023-12-21T17:06:53.528+01:00  INFO 8232 --- [PAYMENT-SERVICE] [AsyncResolver-bootstrap-executor-0] c.n.d.s.r.aws.ConfigClusterResolver      : Resolving eureka endpoints via configuration
2023-12-21T17:11:12.988+01:00  INFO 1940 --- [ORDER-SERVICE] [AsyncResolver-bootstrap-executor-0] c.n.d.s.r.aws.ConfigClusterResolver      : Resolving eureka endpoints via configuration
2023-12-21T17:11:53.541+01:00  INFO 8232 --- [PAYMENT-SERVICE] [AsyncResolver-bootstrap-executor-0] c.n.d.s.r.aws.ConfigClusterResolver      : Resolving eureka endpoints via configuration
2023-12-21T17:16:12.993+01:00  INFO 1940 --- [ORDER-SERVICE] [AsyncResolver-bootstrap-executor-0] c.n.d.s.r.aws.ConfigClusterResolver      : Resolving eureka endpoints via configuration
2023-12-21T17:16:53.552+01:00  INFO 8232 --- [PAYMENT-SERVICE] [AsyncResolver-bootstrap-executor-0] c.n.d.s.r.aws.ConfigClusterResolver      : Resolving eureka endpoints via configuration
2023-12-21T17:21:13.005+01:00  INFO 1940 --- [ORDER-SERVICE] [AsyncResolver-bootstrap-executor-0] c.n.d.s.r.aws.ConfigClusterResolver      : Resolving eureka endpoints via configuration
2023-12-21T17:21:53.558+01:00  INFO 8232 --- [PAYMENT-SERVICE] [AsyncResolver-bootstrap-executor-0] c.n.d.s.r.aws.ConfigClusterResolver      : Resolving eureka endpoints via configuration
2023-12-21T17:26:13.013+01:00  INFO 1940 --- [ORDER-SERVICE] [AsyncResolver-bootstrap-executor-0] c.n.d.s.r.aws.ConfigClusterResolver      : Resolving eureka endpoints via configuration
2023-12-21T17:26:53.579+01:00  INFO 8232 --- [PAYMENT-SERVICE] [AsyncResolver-bootstrap-executor-0] c.n.d.s.r.aws.ConfigClusterResolver      : Resolving eureka endpoints via configuration
2023-12-21T17:31:13.019+01:00  INFO 1940 --- [ORDER-SERVICE] [AsyncResolver-bootstrap-executor-0] c.n.d.s.r.aws.ConfigClusterResolver      : Resolving eureka endpoints via configuration
2023-12-21T17:31:53.600+01:00  INFO 8232 --- [PAYMENT-SERVICE] [AsyncResolver-bootstrap-executor-0] c.n.d.s.r.aws.ConfigClusterResolver      : Resolving eureka endpoints via configuration
2023-12-21T17:36:13.033+01:00  INFO 1940 --- [ORDER-SERVICE] [AsyncResolver-bootstrap-executor-0] c.n.d.s.r.aws.ConfigClusterResolver      : Resolving eureka endpoints via configuration
2023-12-21T17:36:53.605+01:00  INFO 8232 --- [PAYMENT-SERVICE] [AsyncResolver-bootstrap-executor-0] c.n.d.s.r.aws.ConfigClusterResolver      : Resolving eureka endpoints via configuration
2023-12-21T17:41:13.047+01:00  INFO 1940 --- [ORDER-SERVICE] [AsyncResolver-bootstrap-executor-0] c.n.d.s.r.aws.ConfigClusterResolver      : Resolving eureka endpoints via configuration
2023-12-21T17:41:53.609+01:00  INFO 8232 --- [PAYMENT-SERVICE] [AsyncResolver-bootstrap-executor-0] c.n.d.s.r.aws.ConfigClusterResolver      : Resolving eureka endpoints via configuration
2023-12-21T17:46:13.059+01:00  INFO 1940 --- [ORDER-SERVICE] [AsyncResolver-bootstrap-executor-0] c.n.d.s.r.aws.ConfigClusterResolver      : Resolving eureka endpoints via configuration
2023-12-21T17:46:53.625+01:00  INFO 8232 --- [PAYMENT-SERVICE] [AsyncResolver-bootstrap-executor-0] c.n.d.s.r.aws.ConfigClusterResolver      : Resolving eureka endpoints via configuration
2023-12-21T17:51:13.064+01:00  INFO 1940 --- [ORDER-SERVICE] [AsyncResolver-bootstrap-executor-0] c.n.d.s.r.aws.ConfigClusterResolver      : Resolving eureka endpoints via configuration
2023-12-21T17:51:53.644+01:00  INFO 8232 --- [PAYMENT-SERVICE] [AsyncResolver-bootstrap-executor-0] c.n.d.s.r.aws.ConfigClusterResolver      : Resolving eureka endpoints via configuration
2023-12-21T17:56:13.069+01:00  INFO 1940 --- [ORDER-SERVICE] [AsyncResolver-bootstrap-executor-0] c.n.d.s.r.aws.ConfigClusterResolver      : Resolving eureka endpoints via configuration
2023-12-21T17:56:53.678+01:00  INFO 8232 --- [PAYMENT-SERVICE] [AsyncResolver-bootstrap-executor-0] c.n.d.s.r.aws.ConfigClusterResolver      : Resolving eureka endpoints via configuration
2023-12-21T18:01:13.074+01:00  INFO 1940 --- [ORDER-SERVICE] [AsyncResolver-bootstrap-executor-0] c.n.d.s.r.aws.ConfigClusterResolver      : Resolving eureka endpoints via configuration
2023-12-21T18:01:53.693+01:00  INFO 8232 --- [PAYMENT-SERVICE] [AsyncResolver-bootstrap-executor-0] c.n.d.s.r.aws.ConfigClusterResolver      : Resolving eureka endpoints via configuration
2023-12-21T18:06:13.084+01:00  INFO 1940 --- [ORDER-SERVICE] [AsyncResolver-bootstrap-executor-0] c.n.d.s.r.aws.ConfigClusterResolver      : Resolving eureka endpoints via configuration
2023-12-21T18:06:53.710+01:00  INFO 8232 --- [PAYMENT-SERVICE] [AsyncResolver-bootstrap-executor-0] c.n.d.s.r.aws.ConfigClusterResolver      : Resolving eureka endpoints via configuration
2023-12-21T18:11:13.089+01:00  INFO 1940 --- [ORDER-SERVICE] [AsyncResolver-bootstrap-executor-0] c.n.d.s.r.aws.ConfigClusterResolver      : Resolving eureka endpoints via configuration
2023-12-21T18:11:53.723+01:00  INFO 8232 --- [PAYMENT-SERVICE] [AsyncResolver-bootstrap-executor-0] c.n.d.s.r.aws.ConfigClusterResolver      : Resolving eureka endpoints via configuration
2023-12-21T18:16:13.100+01:00  INFO 1940 --- [ORDER-SERVICE] [AsyncResolver-bootstrap-executor-0] c.n.d.s.r.aws.ConfigClusterResolver      : Resolving eureka endpoints via configuration
2023-12-21T18:16:53.734+01:00  INFO 8232 --- [PAYMENT-SERVICE] [AsyncResolver-bootstrap-executor-0] c.n.d.s.r.aws.ConfigClusterResolver      : Resolving eureka endpoints via configuration
